<?xml version="1.0" encoding="UTF-8"?>
<testng-results skipped="0" failed="1" ignored="0" total="4" passed="3">
  <reporter-output>
  </reporter-output>
  <suite name="Default suite" duration-ms="64761" started-at="2020-11-29T14:19:57Z" finished-at="2020-11-29T14:21:02Z">
    <groups>
    </groups>
    <test name="Default test" duration-ms="64761" started-at="2020-11-29T14:19:57Z" finished-at="2020-11-29T14:21:02Z">
      <class name="tests.LogInTest">
        <test-method status="PASS" signature="setup()[pri:0, instance:tests.LogInTest@29774679]" name="setup" is-config="true" duration-ms="6410" started-at="2020-11-29T14:19:57Z" finished-at="2020-11-29T14:20:04Z">
          <reporter-output>
          </reporter-output>
        </test-method> <!-- setup -->
        <test-method status="PASS" signature="setUpForTest()[pri:0, instance:tests.LogInTest@29774679]" name="setUpForTest" is-config="true" duration-ms="17964" started-at="2020-11-29T14:20:04Z" finished-at="2020-11-29T14:20:22Z">
          <reporter-output>
          </reporter-output>
        </test-method> <!-- setUpForTest -->
        <test-method status="PASS" signature="noPasswordLog()[pri:0, instance:tests.LogInTest@29774679]" name="noPasswordLog" duration-ms="473" started-at="2020-11-29T14:20:22Z" finished-at="2020-11-29T14:20:22Z">
          <reporter-output>
          </reporter-output>
        </test-method> <!-- noPasswordLog -->
        <test-method status="PASS" signature="setUpForTest()[pri:0, instance:tests.LogInTest@29774679]" name="setUpForTest" is-config="true" duration-ms="16874" started-at="2020-11-29T14:20:22Z" finished-at="2020-11-29T14:20:39Z">
          <reporter-output>
          </reporter-output>
        </test-method> <!-- setUpForTest -->
        <test-method status="PASS" signature="validLog()[pri:0, instance:tests.LogInTest@29774679]" name="validLog" duration-ms="2224" started-at="2020-11-29T14:20:39Z" finished-at="2020-11-29T14:20:41Z">
          <reporter-output>
          </reporter-output>
        </test-method> <!-- validLog -->
        <test-method status="PASS" signature="setUpForTest()[pri:0, instance:tests.LogInTest@29774679]" name="setUpForTest" is-config="true" duration-ms="2684" started-at="2020-11-29T14:20:41Z" finished-at="2020-11-29T14:20:44Z">
          <reporter-output>
          </reporter-output>
        </test-method> <!-- setUpForTest -->
        <test-method status="FAIL" signature="validRegLink()[pri:0, instance:tests.LogInTest@29774679]" name="validRegLink" duration-ms="322" started-at="2020-11-29T14:20:44Z" finished-at="2020-11-29T14:20:44Z">
          <exception class="org.openqa.selenium.NoSuchElementException">
            <message>
              <![CDATA[no such element: Unable to locate element: {"method":"xpath","selector":"/html/body/app-root/ng-component/bnm-login/bnm-modal/bnm-blackout/bnm-paper/p[1]/a"}
  (Session info: chrome=87.0.4280.66)
For documentation on this error, please visit: https://www.seleniumhq.org/exceptions/no_such_element.html
Build info: version: '3.141.59', revision: 'e82be7d358', time: '2018-11-14T08:25:48'
System info: host: 'DESKTOP-CE8EP9M', ip: '192.168.100.7', os.name: 'Windows 10', os.arch: 'amd64', os.version: '10.0', java.version: '1.8.0_251'
Driver info: org.openqa.selenium.chrome.ChromeDriver
Capabilities {acceptInsecureCerts: false, browserName: chrome, browserVersion: 87.0.4280.66, chrome: {chromedriverVersion: 87.0.4280.20 (c99e81631faa0..., userDataDir: C:\Users\User\AppData\Local...}, goog:chromeOptions: {debuggerAddress: localhost:50671}, javascriptEnabled: true, networkConnectionEnabled: false, pageLoadStrategy: normal, platform: WINDOWS, platformName: WINDOWS, proxy: Proxy(), setWindowRect: true, strictFileInteractability: false, timeouts: {implicit: 0, pageLoad: 300000, script: 30000}, unhandledPromptBehavior: dismiss and notify, webauthn:virtualAuthenticators: true}
Session ID: c5092420487587c8ac0844e71582e315
*** Element info: {Using=xpath, value=/html/body/app-root/ng-component/bnm-login/bnm-modal/bnm-blackout/bnm-paper/p[1]/a}]]>
            </message>
            <full-stacktrace>
              <![CDATA[org.openqa.selenium.NoSuchElementException: no such element: Unable to locate element: {"method":"xpath","selector":"/html/body/app-root/ng-component/bnm-login/bnm-modal/bnm-blackout/bnm-paper/p[1]/a"}
  (Session info: chrome=87.0.4280.66)
For documentation on this error, please visit: https://www.seleniumhq.org/exceptions/no_such_element.html
Build info: version: '3.141.59', revision: 'e82be7d358', time: '2018-11-14T08:25:48'
System info: host: 'DESKTOP-CE8EP9M', ip: '192.168.100.7', os.name: 'Windows 10', os.arch: 'amd64', os.version: '10.0', java.version: '1.8.0_251'
Driver info: org.openqa.selenium.chrome.ChromeDriver
Capabilities {acceptInsecureCerts: false, browserName: chrome, browserVersion: 87.0.4280.66, chrome: {chromedriverVersion: 87.0.4280.20 (c99e81631faa0..., userDataDir: C:\Users\User\AppData\Local...}, goog:chromeOptions: {debuggerAddress: localhost:50671}, javascriptEnabled: true, networkConnectionEnabled: false, pageLoadStrategy: normal, platform: WINDOWS, platformName: WINDOWS, proxy: Proxy(), setWindowRect: true, strictFileInteractability: false, timeouts: {implicit: 0, pageLoad: 300000, script: 30000}, unhandledPromptBehavior: dismiss and notify, webauthn:virtualAuthenticators: true}
Session ID: c5092420487587c8ac0844e71582e315
*** Element info: {Using=xpath, value=/html/body/app-root/ng-component/bnm-login/bnm-modal/bnm-blackout/bnm-paper/p[1]/a}
at sun.reflect.GeneratedConstructorAccessor12.newInstance(Unknown Source)
at sun.reflect.DelegatingConstructorAccessorImpl.newInstance(Unknown Source)
at java.lang.reflect.Constructor.newInstance(Unknown Source)
at org.openqa.selenium.remote.http.W3CHttpResponseCodec.createException(W3CHttpResponseCodec.java:187)
at org.openqa.selenium.remote.http.W3CHttpResponseCodec.decode(W3CHttpResponseCodec.java:122)
at org.openqa.selenium.remote.http.W3CHttpResponseCodec.decode(W3CHttpResponseCodec.java:49)
at org.openqa.selenium.remote.HttpCommandExecutor.execute(HttpCommandExecutor.java:158)
at org.openqa.selenium.remote.service.DriverCommandExecutor.execute(DriverCommandExecutor.java:83)
at org.openqa.selenium.remote.RemoteWebDriver.execute(RemoteWebDriver.java:552)
at org.openqa.selenium.remote.RemoteWebDriver.findElement(RemoteWebDriver.java:323)
at org.openqa.selenium.remote.RemoteWebDriver.findElementByXPath(RemoteWebDriver.java:428)
at org.openqa.selenium.By$ByXPath.findElement(By.java:353)
at org.openqa.selenium.remote.RemoteWebDriver.findElement(RemoteWebDriver.java:315)
at pages.LogInPage.getRegistrationLink(LogInPage.java:44)
at pages.LogInPage.goToRegistration(LogInPage.java:48)
at tests.LogInTest.validRegLink(LogInTest.java:22)
at sun.reflect.NativeMethodAccessorImpl.invoke0(Native Method)
at sun.reflect.NativeMethodAccessorImpl.invoke(Unknown Source)
at sun.reflect.DelegatingMethodAccessorImpl.invoke(Unknown Source)
at java.lang.reflect.Method.invoke(Unknown Source)
at org.testng.internal.MethodInvocationHelper.invokeMethod(MethodInvocationHelper.java:124)
at org.testng.internal.Invoker.invokeMethod(Invoker.java:583)
at org.testng.internal.Invoker.invokeTestMethod(Invoker.java:719)
at org.testng.internal.Invoker.invokeTestMethods(Invoker.java:989)
at org.testng.internal.TestMethodWorker.invokeTestMethods(TestMethodWorker.java:125)
at org.testng.internal.TestMethodWorker.run(TestMethodWorker.java:109)
at org.testng.TestRunner.privateRun(TestRunner.java:648)
at org.testng.TestRunner.run(TestRunner.java:505)
at org.testng.SuiteRunner.runTest(SuiteRunner.java:455)
at org.testng.SuiteRunner.runSequentially(SuiteRunner.java:450)
at org.testng.SuiteRunner.privateRun(SuiteRunner.java:415)
at org.testng.SuiteRunner.run(SuiteRunner.java:364)
at org.testng.SuiteRunnerWorker.runSuite(SuiteRunnerWorker.java:52)
at org.testng.SuiteRunnerWorker.run(SuiteRunnerWorker.java:84)
at org.testng.TestNG.runSuitesSequentially(TestNG.java:1208)
at org.testng.TestNG.runSuitesLocally(TestNG.java:1137)
at org.testng.TestNG.runSuites(TestNG.java:1049)
at org.testng.TestNG.run(TestNG.java:1017)
at org.testng.remote.AbstractRemoteTestNG.run(AbstractRemoteTestNG.java:115)
at org.testng.remote.RemoteTestNG.initAndRun(RemoteTestNG.java:251)
at org.testng.remote.RemoteTestNG.main(RemoteTestNG.java:77)
]]>
            </full-stacktrace>
          </exception> <!-- org.openqa.selenium.NoSuchElementException -->
          <reporter-output>
          </reporter-output>
        </test-method> <!-- validRegLink -->
        <test-method status="PASS" signature="setUpForTest()[pri:0, instance:tests.LogInTest@29774679]" name="setUpForTest" is-config="true" duration-ms="16521" started-at="2020-11-29T14:20:44Z" finished-at="2020-11-29T14:21:01Z">
          <reporter-output>
          </reporter-output>
        </test-method> <!-- setUpForTest -->
        <test-method status="PASS" signature="wrongPasswordLog()[pri:0, instance:tests.LogInTest@29774679]" name="wrongPasswordLog" duration-ms="1042" started-at="2020-11-29T14:21:01Z" finished-at="2020-11-29T14:21:02Z">
          <reporter-output>
          </reporter-output>
        </test-method> <!-- wrongPasswordLog -->
        <test-method status="PASS" signature="afterClass()[pri:0, instance:tests.LogInTest@29774679]" name="afterClass" is-config="true" duration-ms="192" started-at="2020-11-29T14:21:02Z" finished-at="2020-11-29T14:21:02Z">
          <reporter-output>
          </reporter-output>
        </test-method> <!-- afterClass -->
      </class> <!-- tests.LogInTest -->
    </test> <!-- Default test -->
  </suite> <!-- Default suite -->
</testng-results>
